<?xml version="1.0" encoding="UTF-8"?>
<testsuites tests="1" failures="1" errors="1" skipped="0">
  <testsuite name="Test suite 3" timestamp="2024-04-12T00:53:07" time="14.01" tests="1" failures="1" errors="1" skipped="0">
    <properties>
      <property name="specId" value="0"/>
      <property name="suiteName" value="Test suite 3"/>
      <property name="capabilities" value="chrome.123_0_6312_106.windows"/>
      <property name="file" value="file:///C:/Users/TikoAbuladze/Desktop/Epam%20AT%20Tasks/Framework-task/src/tests/simple.tests.js"/>
    </properties>
    <testcase classname="chrome.123_0_6312_106.windows.Test_suite_3" name="Google Cloud Pricing Calculator" time="14.006">
      <failure/>
      <error message="element not interactable&#xA;  (Session info: chrome=123.0.6312.106)"/>
      <system-out><![CDATA[
COMMAND: POST /session/cf42b9215cff0c2bc8227c1ace55d3ef/url - {"url":"https://cloud.google.com/"}
RESULT: {"url":"https://cloud.google.com/"}
COMMAND: POST /session/cf42b9215cff0c2bc8227c1ace55d3ef/element - {"using":"css selector","value":".YSM5S"}
RESULT: {"using":"css selector","value":".YSM5S"}
COMMAND: POST /session/cf42b9215cff0c2bc8227c1ace55d3ef/element/f.11E65070ADF1FD149116AE6BF9DF5AC9.d.7985DC2026FB560D5FD070193D7965A1.e.4174/click - {}
RESULT: {}
COMMAND: POST /session/cf42b9215cff0c2bc8227c1ace55d3ef/element - {"using":"css selector","value":"#i4"}
RESULT: {"using":"css selector","value":"#i4"}
COMMAND: POST /session/cf42b9215cff0c2bc8227c1ace55d3ef/element/f.11E65070ADF1FD149116AE6BF9DF5AC9.d.7985DC2026FB560D5FD070193D7965A1.e.6/clear - {}
RESULT: {}
COMMAND: POST /session/cf42b9215cff0c2bc8227c1ace55d3ef/element/f.11E65070ADF1FD149116AE6BF9DF5AC9.d.7985DC2026FB560D5FD070193D7965A1.e.6/value - {"text":"Google Cloud Platform Pricing Calculator"}
RESULT: {"text":"Google Cloud Platform Pricing Calculator"}
COMMAND: POST /session/cf42b9215cff0c2bc8227c1ace55d3ef/element - {"using":"css selector","value":".google-material-icons.PETVs.PETVs-OWXEXe-UbuQg"}
RESULT: {"using":"css selector","value":".google-material-icons.PETVs.PETVs-OWXEXe-UbuQg"}
COMMAND: POST /session/cf42b9215cff0c2bc8227c1ace55d3ef/element/f.11E65070ADF1FD149116AE6BF9DF5AC9.d.7985DC2026FB560D5FD070193D7965A1.e.4774/click - {}
RESULT: {}
COMMAND: POST /session/cf42b9215cff0c2bc8227c1ace55d3ef/element - {"using":"xpath","value":"//a[@href='https://cloud.google.com/products/calculator-legacy?hl=es-419']"}
RESULT: {"using":"xpath","value":"//a[@href='https://cloud.google.com/products/calculator-legacy?hl=es-419']"}
COMMAND: POST /session/cf42b9215cff0c2bc8227c1ace55d3ef/element - {"using":"xpath","value":"//a[@href='https://cloud.google.com/products/calculator-legacy?hl=es-419']"}
RESULT: {"using":"xpath","value":"//a[@href='https://cloud.google.com/products/calculator-legacy?hl=es-419']"}
COMMAND: POST /session/cf42b9215cff0c2bc8227c1ace55d3ef/element - {"using":"xpath","value":"//a[@href='https://cloud.google.com/products/calculator-legacy?hl=es-419']"}
RESULT: {"using":"xpath","value":"//a[@href='https://cloud.google.com/products/calculator-legacy?hl=es-419']"}
COMMAND: POST /session/cf42b9215cff0c2bc8227c1ace55d3ef/execute/sync - {"script":"return (function isElementDisplayed(element) {\n    function nodeIsElement(node) {\n        if (!node) {\n            return false;\n        }\n        switch (node.nodeType) {\n            case Node.ELEMEN ... (8289 more bytes)","args":[{"element-6066-11e4-a52e-4f735466cecf":"f.11E65070ADF1FD149116AE6BF9DF5AC9.d.7985DC2026FB560D5FD070193D7965A1.e.5243","ELEMENT":"f.11E65070ADF1FD149116AE6BF9DF5AC9.d.7985DC2026FB560D5FD070193D7965A1.e.5243"}]}
RESULT: {"script":"return (function isElementDisplayed(element) {\n    function nodeIsElement(node) {\n        if (!node) {\n            return false;\n        }\n        switch (node.nodeType) {\n            case Node.ELEMEN ... (8289 more bytes)","args":[{"element-6066-11e4-a52e-4f735466cecf":"f.11E65070ADF1FD149116AE6BF9DF5AC9.d.7985DC2026FB560D5FD070193D7965A1.e.5243","ELEMENT":"f.11E65070ADF1FD149116AE6BF9DF5AC9.d.7985DC2026FB560D5FD070193D7965A1.e.5243"}]}
COMMAND: POST /session/cf42b9215cff0c2bc8227c1ace55d3ef/element - {"using":"xpath","value":"//a[@href='https://cloud.google.com/products/calculator-legacy?hl=es-419']"}
RESULT: {"using":"xpath","value":"//a[@href='https://cloud.google.com/products/calculator-legacy?hl=es-419']"}
COMMAND: POST /session/cf42b9215cff0c2bc8227c1ace55d3ef/element/f.11E65070ADF1FD149116AE6BF9DF5AC9.d.7985DC2026FB560D5FD070193D7965A1.e.5243/click - {}
RESULT: {}
COMMAND: POST /session/cf42b9215cff0c2bc8227c1ace55d3ef/elements - {"using":"css selector","value":"iframe"}
RESULT: {"using":"css selector","value":"iframe"}
COMMAND: POST /session/cf42b9215cff0c2bc8227c1ace55d3ef/frame - {"id":{"element-6066-11e4-a52e-4f735466cecf":"f.11E65070ADF1FD149116AE6BF9DF5AC9.d.74F59574F2D3E789AD6924A47746137B.e.6097"}}
RESULT: {"id":{"element-6066-11e4-a52e-4f735466cecf":"f.11E65070ADF1FD149116AE6BF9DF5AC9.d.74F59574F2D3E789AD6924A47746137B.e.6097"}}
COMMAND: POST /session/cf42b9215cff0c2bc8227c1ace55d3ef/elements - {"using":"css selector","value":"iframe"}
RESULT: {"using":"css selector","value":"iframe"}
COMMAND: POST /session/cf42b9215cff0c2bc8227c1ace55d3ef/frame - {"id":{"element-6066-11e4-a52e-4f735466cecf":"f.A4936CEE744B7F65FBFF2F3E254DF3CF.d.FE870D4D7CED7A94D84DA745EAA9E416.e.11"}}
RESULT: {"id":{"element-6066-11e4-a52e-4f735466cecf":"f.A4936CEE744B7F65FBFF2F3E254DF3CF.d.FE870D4D7CED7A94D84DA745EAA9E416.e.11"}}
COMMAND: POST /session/cf42b9215cff0c2bc8227c1ace55d3ef/element - {"using":"css selector","value":"#input_100"}
RESULT: {"using":"css selector","value":"#input_100"}
COMMAND: POST /session/cf42b9215cff0c2bc8227c1ace55d3ef/element/f.2A5F1C7A5AB3D819AB4AC631BC0E6A9B.d.96A64CD88F34C0A78C85D46C8BBA3643.e.7331/clear - {}
RESULT: {}
COMMAND: POST /session/cf42b9215cff0c2bc8227c1ace55d3ef/element/f.2A5F1C7A5AB3D819AB4AC631BC0E6A9B.d.96A64CD88F34C0A78C85D46C8BBA3643.e.7331/value - {"text":"4"}
RESULT: {"text":"4"}
COMMAND: POST /session/cf42b9215cff0c2bc8227c1ace55d3ef/element - {"using":"css selector","value":"#select_113"}
RESULT: {"using":"css selector","value":"#select_113"}
COMMAND: POST /session/cf42b9215cff0c2bc8227c1ace55d3ef/element/f.2A5F1C7A5AB3D819AB4AC631BC0E6A9B.d.96A64CD88F34C0A78C85D46C8BBA3643.e.7354/click - {}
RESULT: {}
COMMAND: POST /session/cf42b9215cff0c2bc8227c1ace55d3ef/element - {"using":"css selector","value":"#select_option_102"}
RESULT: {"using":"css selector","value":"#select_option_102"}
COMMAND: POST /session/cf42b9215cff0c2bc8227c1ace55d3ef/execute/sync - {"script":"return (function isElementDisplayed(element) {\n    function nodeIsElement(node) {\n        if (!node) {\n            return false;\n        }\n        switch (node.nodeType) {\n            case Node.ELEMEN ... (8289 more bytes)","args":[{"element-6066-11e4-a52e-4f735466cecf":"f.2A5F1C7A5AB3D819AB4AC631BC0E6A9B.d.96A64CD88F34C0A78C85D46C8BBA3643.e.7711","ELEMENT":"f.2A5F1C7A5AB3D819AB4AC631BC0E6A9B.d.96A64CD88F34C0A78C85D46C8BBA3643.e.7711"}]}
RESULT: {"script":"return (function isElementDisplayed(element) {\n    function nodeIsElement(node) {\n        if (!node) {\n            return false;\n        }\n        switch (node.nodeType) {\n            case Node.ELEMEN ... (8289 more bytes)","args":[{"element-6066-11e4-a52e-4f735466cecf":"f.2A5F1C7A5AB3D819AB4AC631BC0E6A9B.d.96A64CD88F34C0A78C85D46C8BBA3643.e.7711","ELEMENT":"f.2A5F1C7A5AB3D819AB4AC631BC0E6A9B.d.96A64CD88F34C0A78C85D46C8BBA3643.e.7711"}]}
COMMAND: POST /session/cf42b9215cff0c2bc8227c1ace55d3ef/execute/sync - {"script":"return (function isElementDisplayed(element) {\n    function nodeIsElement(node) {\n        if (!node) {\n            return false;\n        }\n        switch (node.nodeType) {\n            case Node.ELEMEN ... (8289 more bytes)","args":[{"element-6066-11e4-a52e-4f735466cecf":"f.2A5F1C7A5AB3D819AB4AC631BC0E6A9B.d.96A64CD88F34C0A78C85D46C8BBA3643.e.7711","ELEMENT":"f.2A5F1C7A5AB3D819AB4AC631BC0E6A9B.d.96A64CD88F34C0A78C85D46C8BBA3643.e.7711"}]}
RESULT: {"script":"return (function isElementDisplayed(element) {\n    function nodeIsElement(node) {\n        if (!node) {\n            return false;\n        }\n        switch (node.nodeType) {\n            case Node.ELEMEN ... (8289 more bytes)","args":[{"element-6066-11e4-a52e-4f735466cecf":"f.2A5F1C7A5AB3D819AB4AC631BC0E6A9B.d.96A64CD88F34C0A78C85D46C8BBA3643.e.7711","ELEMENT":"f.2A5F1C7A5AB3D819AB4AC631BC0E6A9B.d.96A64CD88F34C0A78C85D46C8BBA3643.e.7711"}]}
COMMAND: POST /session/cf42b9215cff0c2bc8227c1ace55d3ef/element - {"using":"css selector","value":"#select_option_102"}
RESULT: {"using":"css selector","value":"#select_option_102"}
COMMAND: POST /session/cf42b9215cff0c2bc8227c1ace55d3ef/element/f.2A5F1C7A5AB3D819AB4AC631BC0E6A9B.d.96A64CD88F34C0A78C85D46C8BBA3643.e.7711/click - {}
RESULT: {}
COMMAND: POST /session/cf42b9215cff0c2bc8227c1ace55d3ef/element - {"using":"css selector","value":"#select_117"}
RESULT: {"using":"css selector","value":"#select_117"}
COMMAND: POST /session/cf42b9215cff0c2bc8227c1ace55d3ef/element/f.2A5F1C7A5AB3D819AB4AC631BC0E6A9B.d.96A64CD88F34C0A78C85D46C8BBA3643.e.7373/click - {}
RESULT: {}
COMMAND: POST /session/cf42b9215cff0c2bc8227c1ace55d3ef/element - {"using":"css selector","value":"#select_option_115"}
RESULT: {"using":"css selector","value":"#select_option_115"}
COMMAND: POST /session/cf42b9215cff0c2bc8227c1ace55d3ef/element/f.2A5F1C7A5AB3D819AB4AC631BC0E6A9B.d.96A64CD88F34C0A78C85D46C8BBA3643.e.7775/click - {}
COMMAND: GET /session/cf42b9215cff0c2bc8227c1ace55d3ef/screenshot - {}
RESULT: {}
COMMAND: DELETE /session/cf42b9215cff0c2bc8227c1ace55d3ef - {}
RESULT: {}
]]></system-out>
      <system-err><![CDATA[
element not interactable: element not interactable
  (Session info: chrome=123.0.6312.106)
    at async calculatorPageActions (file:///C:/Users/TikoAbuladze/Desktop/Epam%20AT%20Tasks/Framework-task/src/po/actions/calculatorPage.actions.js:12:4)
    at async Context.<anonymous> (file:///C:/Users/TikoAbuladze/Desktop/Epam%20AT%20Tasks/Framework-task/src/tests/simple.tests.js:11:5)
]]></system-err>
    </testcase>
  </testsuite>
</testsuites>