<?xml version="1.0" encoding="UTF-8"?>
<testsuites tests="3" failures="2" errors="2" skipped="0">
  <testsuite name="Google Cloud Calculator Smoke Tests" timestamp="2024-04-15T01:29:44" time="25.276" tests="3" failures="2" errors="2" skipped="0">
    <properties>
      <property name="specId" value="0"/>
      <property name="suiteName" value="Google Cloud Calculator - Smoke Tests"/>
      <property name="capabilities" value="chrome.123_0_6312_122.windows"/>
      <property name="file" value="file:///C:/Users/TikoAbuladze/Desktop/Epam%20AT%20Tasks/Framework-task/src/tests/simple.tests.js"/>
    </properties>
    <testcase classname="chrome.123_0_6312_122.windows.Google_Cloud_Calculator_-_Smoke_Tests" name="Should Search Google Cloud Pricing Calculator" time="10.748">
      <system-out><![CDATA[
COMMAND: POST /session/14a89e6432d8488609a645985281a8dc/url - {"url":"https://cloud.google.com/"}
RESULT: {"url":"https://cloud.google.com/"}
COMMAND: GET /session/14a89e6432d8488609a645985281a8dc/title - {}
RESULT: {}
COMMAND: POST /session/14a89e6432d8488609a645985281a8dc/element - {"using":"css selector","value":".YSM5S"}
RESULT: {"using":"css selector","value":".YSM5S"}
COMMAND: POST /session/14a89e6432d8488609a645985281a8dc/element/f.50CEBB7BB1C34057873D1527BE21C630.d.B496F5C7C3CE6867EA6A04A4ECC06C48.e.34/click - {}
RESULT: {}
COMMAND: POST /session/14a89e6432d8488609a645985281a8dc/element - {"using":"css selector","value":"#i4"}
RESULT: {"using":"css selector","value":"#i4"}
COMMAND: POST /session/14a89e6432d8488609a645985281a8dc/element/f.50CEBB7BB1C34057873D1527BE21C630.d.B496F5C7C3CE6867EA6A04A4ECC06C48.e.11/clear - {}
RESULT: {}
COMMAND: POST /session/14a89e6432d8488609a645985281a8dc/element/f.50CEBB7BB1C34057873D1527BE21C630.d.B496F5C7C3CE6867EA6A04A4ECC06C48.e.11/value - {"text":"Google Cloud Platform Pricing Calculator"}
RESULT: {"text":"Google Cloud Platform Pricing Calculator"}
COMMAND: POST /session/14a89e6432d8488609a645985281a8dc/element - {"using":"css selector","value":".google-material-icons.PETVs.PETVs-OWXEXe-UbuQg"}
RESULT: {"using":"css selector","value":".google-material-icons.PETVs.PETVs-OWXEXe-UbuQg"}
COMMAND: POST /session/14a89e6432d8488609a645985281a8dc/element/f.50CEBB7BB1C34057873D1527BE21C630.d.B496F5C7C3CE6867EA6A04A4ECC06C48.e.41/click - {}
RESULT: {}
COMMAND: POST /session/14a89e6432d8488609a645985281a8dc/element - {"using":"xpath","value":"//a[@href='https://cloud.google.com/products/calculator-legacy?hl=es-419']"}
RESULT: {"using":"xpath","value":"//a[@href='https://cloud.google.com/products/calculator-legacy?hl=es-419']"}
COMMAND: POST /session/14a89e6432d8488609a645985281a8dc/element - {"using":"xpath","value":"//a[@href='https://cloud.google.com/products/calculator-legacy?hl=es-419']"}
RESULT: {"using":"xpath","value":"//a[@href='https://cloud.google.com/products/calculator-legacy?hl=es-419']"}
COMMAND: POST /session/14a89e6432d8488609a645985281a8dc/element - {"using":"xpath","value":"//a[@href='https://cloud.google.com/products/calculator-legacy?hl=es-419']"}
RESULT: {"using":"xpath","value":"//a[@href='https://cloud.google.com/products/calculator-legacy?hl=es-419']"}
COMMAND: POST /session/14a89e6432d8488609a645985281a8dc/execute/sync - {"script":"return (function isElementDisplayed(element) {\n    function nodeIsElement(node) {\n        if (!node) {\n            return false;\n        }\n        switch (node.nodeType) {\n            case Node.ELEMEN ... (8289 more bytes)","args":[{"element-6066-11e4-a52e-4f735466cecf":"f.50CEBB7BB1C34057873D1527BE21C630.d.B496F5C7C3CE6867EA6A04A4ECC06C48.e.44","ELEMENT":"f.50CEBB7BB1C34057873D1527BE21C630.d.B496F5C7C3CE6867EA6A04A4ECC06C48.e.44"}]}
RESULT: {"script":"return (function isElementDisplayed(element) {\n    function nodeIsElement(node) {\n        if (!node) {\n            return false;\n        }\n        switch (node.nodeType) {\n            case Node.ELEMEN ... (8289 more bytes)","args":[{"element-6066-11e4-a52e-4f735466cecf":"f.50CEBB7BB1C34057873D1527BE21C630.d.B496F5C7C3CE6867EA6A04A4ECC06C48.e.44","ELEMENT":"f.50CEBB7BB1C34057873D1527BE21C630.d.B496F5C7C3CE6867EA6A04A4ECC06C48.e.44"}]}
COMMAND: POST /session/14a89e6432d8488609a645985281a8dc/element - {"using":"xpath","value":"//a[@href='https://cloud.google.com/products/calculator-legacy?hl=es-419']"}
RESULT: {"using":"xpath","value":"//a[@href='https://cloud.google.com/products/calculator-legacy?hl=es-419']"}
COMMAND: POST /session/14a89e6432d8488609a645985281a8dc/element/f.50CEBB7BB1C34057873D1527BE21C630.d.B496F5C7C3CE6867EA6A04A4ECC06C48.e.44/click - {}
RESULT: {}
]]></system-out>
    </testcase>
    <testcase classname="chrome.123_0_6312_122.windows.Google_Cloud_Calculator_-_Smoke_Tests" name="Should Fill Calculator Inputs" time="2.023">
      <failure/>
      <error message="element not interactable&#xA;  (Session info: chrome=123.0.6312.122)"/>
      <system-out><![CDATA[
COMMAND: POST /session/14a89e6432d8488609a645985281a8dc/elements - {"using":"css selector","value":"iframe"}
RESULT: {"using":"css selector","value":"iframe"}
COMMAND: POST /session/14a89e6432d8488609a645985281a8dc/frame - {"id":{"element-6066-11e4-a52e-4f735466cecf":"f.50CEBB7BB1C34057873D1527BE21C630.d.B4D3915B3710749A2BDCE8CD8D5A0106.e.79"}}
RESULT: {"id":{"element-6066-11e4-a52e-4f735466cecf":"f.50CEBB7BB1C34057873D1527BE21C630.d.B4D3915B3710749A2BDCE8CD8D5A0106.e.79"}}
COMMAND: POST /session/14a89e6432d8488609a645985281a8dc/elements - {"using":"css selector","value":"iframe"}
RESULT: {"using":"css selector","value":"iframe"}
COMMAND: POST /session/14a89e6432d8488609a645985281a8dc/frame - {"id":{"element-6066-11e4-a52e-4f735466cecf":"f.C6F70C89958ED1F15E25DF1F6FB0D571.d.79B3F6FE930439E038335BD2A10D4A74.e.3"}}
RESULT: {"id":{"element-6066-11e4-a52e-4f735466cecf":"f.C6F70C89958ED1F15E25DF1F6FB0D571.d.79B3F6FE930439E038335BD2A10D4A74.e.3"}}
COMMAND: POST /session/14a89e6432d8488609a645985281a8dc/element - {"using":"css selector","value":"#input_100"}
RESULT: {"using":"css selector","value":"#input_100"}
COMMAND: POST /session/14a89e6432d8488609a645985281a8dc/element/f.27998CEC99D1001E3FAAF24645209079.d.2705AA404C5EF0B1B8CAAD2F4AB3B53B.e.22/clear - {}
RESULT: {}
COMMAND: POST /session/14a89e6432d8488609a645985281a8dc/element/f.27998CEC99D1001E3FAAF24645209079.d.2705AA404C5EF0B1B8CAAD2F4AB3B53B.e.22/value - {"text":"4"}
RESULT: {"text":"4"}
COMMAND: POST /session/14a89e6432d8488609a645985281a8dc/element - {"using":"css selector","value":"#select_113"}
RESULT: {"using":"css selector","value":"#select_113"}
COMMAND: POST /session/14a89e6432d8488609a645985281a8dc/element/f.27998CEC99D1001E3FAAF24645209079.d.2705AA404C5EF0B1B8CAAD2F4AB3B53B.e.77/click - {}
RESULT: {}
COMMAND: POST /session/14a89e6432d8488609a645985281a8dc/element - {"using":"css selector","value":"#select_option_102"}
RESULT: {"using":"css selector","value":"#select_option_102"}
COMMAND: POST /session/14a89e6432d8488609a645985281a8dc/execute/sync - {"script":"return (function isElementDisplayed(element) {\n    function nodeIsElement(node) {\n        if (!node) {\n            return false;\n        }\n        switch (node.nodeType) {\n            case Node.ELEMEN ... (8289 more bytes)","args":[{"element-6066-11e4-a52e-4f735466cecf":"f.27998CEC99D1001E3FAAF24645209079.d.2705AA404C5EF0B1B8CAAD2F4AB3B53B.e.78","ELEMENT":"f.27998CEC99D1001E3FAAF24645209079.d.2705AA404C5EF0B1B8CAAD2F4AB3B53B.e.78"}]}
RESULT: {"script":"return (function isElementDisplayed(element) {\n    function nodeIsElement(node) {\n        if (!node) {\n            return false;\n        }\n        switch (node.nodeType) {\n            case Node.ELEMEN ... (8289 more bytes)","args":[{"element-6066-11e4-a52e-4f735466cecf":"f.27998CEC99D1001E3FAAF24645209079.d.2705AA404C5EF0B1B8CAAD2F4AB3B53B.e.78","ELEMENT":"f.27998CEC99D1001E3FAAF24645209079.d.2705AA404C5EF0B1B8CAAD2F4AB3B53B.e.78"}]}
COMMAND: POST /session/14a89e6432d8488609a645985281a8dc/execute/sync - {"script":"return (function isElementDisplayed(element) {\n    function nodeIsElement(node) {\n        if (!node) {\n            return false;\n        }\n        switch (node.nodeType) {\n            case Node.ELEMEN ... (8289 more bytes)","args":[{"element-6066-11e4-a52e-4f735466cecf":"f.27998CEC99D1001E3FAAF24645209079.d.2705AA404C5EF0B1B8CAAD2F4AB3B53B.e.78","ELEMENT":"f.27998CEC99D1001E3FAAF24645209079.d.2705AA404C5EF0B1B8CAAD2F4AB3B53B.e.78"}]}
RESULT: {"script":"return (function isElementDisplayed(element) {\n    function nodeIsElement(node) {\n        if (!node) {\n            return false;\n        }\n        switch (node.nodeType) {\n            case Node.ELEMEN ... (8289 more bytes)","args":[{"element-6066-11e4-a52e-4f735466cecf":"f.27998CEC99D1001E3FAAF24645209079.d.2705AA404C5EF0B1B8CAAD2F4AB3B53B.e.78","ELEMENT":"f.27998CEC99D1001E3FAAF24645209079.d.2705AA404C5EF0B1B8CAAD2F4AB3B53B.e.78"}]}
COMMAND: POST /session/14a89e6432d8488609a645985281a8dc/element - {"using":"css selector","value":"#select_option_102"}
RESULT: {"using":"css selector","value":"#select_option_102"}
COMMAND: POST /session/14a89e6432d8488609a645985281a8dc/element/f.27998CEC99D1001E3FAAF24645209079.d.2705AA404C5EF0B1B8CAAD2F4AB3B53B.e.78/click - {}
RESULT: {}
COMMAND: POST /session/14a89e6432d8488609a645985281a8dc/element - {"using":"css selector","value":"#select_117"}
RESULT: {"using":"css selector","value":"#select_117"}
COMMAND: POST /session/14a89e6432d8488609a645985281a8dc/element/f.27998CEC99D1001E3FAAF24645209079.d.2705AA404C5EF0B1B8CAAD2F4AB3B53B.e.79/click - {}
RESULT: {}
COMMAND: POST /session/14a89e6432d8488609a645985281a8dc/element - {"using":"css selector","value":"#select_option_115"}
RESULT: {"using":"css selector","value":"#select_option_115"}
COMMAND: POST /session/14a89e6432d8488609a645985281a8dc/element/f.27998CEC99D1001E3FAAF24645209079.d.2705AA404C5EF0B1B8CAAD2F4AB3B53B.e.80/click - {}
RESULT: {}
COMMAND: POST /session/14a89e6432d8488609a645985281a8dc/element - {"using":"css selector","value":"#select_123"}
RESULT: {"using":"css selector","value":"#select_123"}
COMMAND: POST /session/14a89e6432d8488609a645985281a8dc/element/f.27998CEC99D1001E3FAAF24645209079.d.2705AA404C5EF0B1B8CAAD2F4AB3B53B.e.81/click - {}
RESULT: {}
COMMAND: POST /session/14a89e6432d8488609a645985281a8dc/element - {"using":"css selector","value":"#select_option_119"}
RESULT: {"using":"css selector","value":"#select_option_119"}
COMMAND: POST /session/14a89e6432d8488609a645985281a8dc/element/f.27998CEC99D1001E3FAAF24645209079.d.2705AA404C5EF0B1B8CAAD2F4AB3B53B.e.82/click - {}
COMMAND: GET /session/14a89e6432d8488609a645985281a8dc/screenshot - {}
RESULT: {}
]]></system-out>
      <system-err><![CDATA[
element not interactable: element not interactable
  (Session info: chrome=123.0.6312.122)
    at async calculatorPageActions (file:///C:/Users/TikoAbuladze/Desktop/Epam%20AT%20Tasks/Framework-task/src/po/actions/calculatorPage.actions.js:14:4)
    at async Context.<anonymous> (file:///C:/Users/TikoAbuladze/Desktop/Epam%20AT%20Tasks/Framework-task/src/tests/simple.tests.js:14:5)
]]></system-err>
    </testcase>
    <testcase classname="chrome.123_0_6312_122.windows.Google_Cloud_Calculator_-_Smoke_Tests" name="Should Generate Email" time="12.498">
      <failure/>
      <error message="element (&quot;#input_620&quot;) still not displayed after 10000ms"/>
      <system-out><![CDATA[
COMMAND: GET /session/14a89e6432d8488609a645985281a8dc/window/handles - {}
RESULT: {}
COMMAND: POST /session/14a89e6432d8488609a645985281a8dc/execute/sync - {"script":"return (function newWindow(url, windowName, windowFeatures) {\n    window.open(url, windowName || '', windowFeatures || '');\n}).apply(null, arguments)","args":["https://email-fake.com/","",""]}
RESULT: {"script":"return (function newWindow(url, windowName, windowFeatures) {\n    window.open(url, windowName || '', windowFeatures || '');\n}).apply(null, arguments)","args":["https://email-fake.com/","",""]}
COMMAND: GET /session/14a89e6432d8488609a645985281a8dc/window/handles - {}
RESULT: {}
COMMAND: GET /session/14a89e6432d8488609a645985281a8dc/window/handles - {}
RESULT: {}
COMMAND: POST /session/14a89e6432d8488609a645985281a8dc/window - {"handle":"006D519D39F2637F210F393D81D0ACE4"}
RESULT: {"handle":"006D519D39F2637F210F393D81D0ACE4"}
COMMAND: POST /session/14a89e6432d8488609a645985281a8dc/element - {"using":"css selector","value":"#email_ch_text"}
RESULT: {"using":"css selector","value":"#email_ch_text"}
COMMAND: GET /session/14a89e6432d8488609a645985281a8dc/element/f.006D519D39F2637F210F393D81D0ACE4.d.CE9E4F5968E54CB849FDCA11DCA453F4.e.29/text - {}
RESULT: {}
COMMAND: GET /session/14a89e6432d8488609a645985281a8dc/window/handles - {}
RESULT: {}
COMMAND: POST /session/14a89e6432d8488609a645985281a8dc/window - {"handle":"50CEBB7BB1C34057873D1527BE21C630"}
RESULT: {"handle":"50CEBB7BB1C34057873D1527BE21C630"}
COMMAND: GET /session/14a89e6432d8488609a645985281a8dc/url - {}
RESULT: {}
COMMAND: POST /session/14a89e6432d8488609a645985281a8dc/elements - {"using":"css selector","value":"iframe"}
RESULT: {"using":"css selector","value":"iframe"}
COMMAND: POST /session/14a89e6432d8488609a645985281a8dc/frame - {"id":{"element-6066-11e4-a52e-4f735466cecf":"f.50CEBB7BB1C34057873D1527BE21C630.d.B4D3915B3710749A2BDCE8CD8D5A0106.e.79"}}
RESULT: {"id":{"element-6066-11e4-a52e-4f735466cecf":"f.50CEBB7BB1C34057873D1527BE21C630.d.B4D3915B3710749A2BDCE8CD8D5A0106.e.79"}}
COMMAND: POST /session/14a89e6432d8488609a645985281a8dc/elements - {"using":"css selector","value":"iframe"}
RESULT: {"using":"css selector","value":"iframe"}
COMMAND: POST /session/14a89e6432d8488609a645985281a8dc/frame - {"id":{"element-6066-11e4-a52e-4f735466cecf":"f.C6F70C89958ED1F15E25DF1F6FB0D571.d.79B3F6FE930439E038335BD2A10D4A74.e.3"}}
RESULT: {"id":{"element-6066-11e4-a52e-4f735466cecf":"f.C6F70C89958ED1F15E25DF1F6FB0D571.d.79B3F6FE930439E038335BD2A10D4A74.e.3"}}
COMMAND: POST /session/14a89e6432d8488609a645985281a8dc/element - {"using":"css selector","value":"#input_620"}
RESULT: {"using":"css selector","value":"#input_620"}
COMMAND: POST /session/14a89e6432d8488609a645985281a8dc/element - {"using":"css selector","value":"#input_620"}
RESULT: {"using":"css selector","value":"#input_620"}
COMMAND: POST /session/14a89e6432d8488609a645985281a8dc/element - {"using":"css selector","value":"#input_620"}
RESULT: {"using":"css selector","value":"#input_620"}
COMMAND: POST /session/14a89e6432d8488609a645985281a8dc/element - {"using":"css selector","value":"#input_620"}
RESULT: {"using":"css selector","value":"#input_620"}
COMMAND: POST /session/14a89e6432d8488609a645985281a8dc/element - {"using":"css selector","value":"#input_620"}
RESULT: {"using":"css selector","value":"#input_620"}
COMMAND: POST /session/14a89e6432d8488609a645985281a8dc/element - {"using":"css selector","value":"#input_620"}
RESULT: {"using":"css selector","value":"#input_620"}
COMMAND: POST /session/14a89e6432d8488609a645985281a8dc/element - {"using":"css selector","value":"#input_620"}
RESULT: {"using":"css selector","value":"#input_620"}
COMMAND: POST /session/14a89e6432d8488609a645985281a8dc/element - {"using":"css selector","value":"#input_620"}
RESULT: {"using":"css selector","value":"#input_620"}
COMMAND: POST /session/14a89e6432d8488609a645985281a8dc/element - {"using":"css selector","value":"#input_620"}
RESULT: {"using":"css selector","value":"#input_620"}
COMMAND: POST /session/14a89e6432d8488609a645985281a8dc/element - {"using":"css selector","value":"#input_620"}
RESULT: {"using":"css selector","value":"#input_620"}
COMMAND: POST /session/14a89e6432d8488609a645985281a8dc/element - {"using":"css selector","value":"#input_620"}
RESULT: {"using":"css selector","value":"#input_620"}
COMMAND: POST /session/14a89e6432d8488609a645985281a8dc/element - {"using":"css selector","value":"#input_620"}
RESULT: {"using":"css selector","value":"#input_620"}
COMMAND: POST /session/14a89e6432d8488609a645985281a8dc/element - {"using":"css selector","value":"#input_620"}
RESULT: {"using":"css selector","value":"#input_620"}
COMMAND: POST /session/14a89e6432d8488609a645985281a8dc/element - {"using":"css selector","value":"#input_620"}
RESULT: {"using":"css selector","value":"#input_620"}
COMMAND: POST /session/14a89e6432d8488609a645985281a8dc/element - {"using":"css selector","value":"#input_620"}
RESULT: {"using":"css selector","value":"#input_620"}
COMMAND: POST /session/14a89e6432d8488609a645985281a8dc/element - {"using":"css selector","value":"#input_620"}
RESULT: {"using":"css selector","value":"#input_620"}
COMMAND: POST /session/14a89e6432d8488609a645985281a8dc/element - {"using":"css selector","value":"#input_620"}
RESULT: {"using":"css selector","value":"#input_620"}
COMMAND: POST /session/14a89e6432d8488609a645985281a8dc/element - {"using":"css selector","value":"#input_620"}
RESULT: {"using":"css selector","value":"#input_620"}
COMMAND: POST /session/14a89e6432d8488609a645985281a8dc/element - {"using":"css selector","value":"#input_620"}
RESULT: {"using":"css selector","value":"#input_620"}
COMMAND: POST /session/14a89e6432d8488609a645985281a8dc/element - {"using":"css selector","value":"#input_620"}
RESULT: {"using":"css selector","value":"#input_620"}
COMMAND: POST /session/14a89e6432d8488609a645985281a8dc/element - {"using":"css selector","value":"#input_620"}
RESULT: {"using":"css selector","value":"#input_620"}
COMMAND: POST /session/14a89e6432d8488609a645985281a8dc/element - {"using":"css selector","value":"#input_620"}
COMMAND: GET /session/14a89e6432d8488609a645985281a8dc/screenshot - {}
RESULT: {"using":"css selector","value":"#input_620"}
RESULT: {}
COMMAND: DELETE /session/14a89e6432d8488609a645985281a8dc - {}
RESULT: {}
]]></system-out>
      <system-err><![CDATA[
Error: element ("#input_620") still not displayed after 10000ms
    at async setEmailValue (file:///C:/Users/TikoAbuladze/Desktop/Epam%20AT%20Tasks/Framework-task/src/po/actions/calculatorPage.actions.js:51:5)
    at async Context.<anonymous> (file:///C:/Users/TikoAbuladze/Desktop/Epam%20AT%20Tasks/Framework-task/src/tests/simple.tests.js:22:5)
]]></system-err>
    </testcase>
  </testsuite>
</testsuites>